Fri Mar 15 16:48:32 WET 2024

From Lisbon to Madrid
round-trip min/avg/max/stddev = 68.591/70.365/76.078/2.200 ms

From Lisbon to Frankfurt
round-trip min/avg/max/stddev = 46.814/49.542/57.703/3.105 ms


Fri Mar 15 16:50:47 WET 2024

From Lisbon to Madrid
round-trip min/avg/max/stddev = 68.886/73.051/78.052/2.912 ms

From Lisbon to Frankfurt
round-trip min/avg/max/stddev = 47.824/50.500/54.698/2.696 ms


Fri Mar 15 16:52:04 WET 2024
Starting ping from Lisbon to Madrid...

From Lisbon to Madrid
round-trip min/avg/max/stddev = 70.089/74.885/79.986/3.513 ms
Ping to Madrid completed.
Starting ping from Lisbon to Frankfurt...

From Lisbon to Frankfurt
round-trip min/avg/max/stddev = 47.470/51.883/68.148/5.319 ms
Ping to Frankfurt completed.


Fri Mar 15 16:54:56 WET 2024
Starting ping from Lisbon to Madrid...

From Lisbon to Madrid
round-trip min/avg/max/stddev = 69.162/72.589/77.323/2.839 ms
Ping to Madrid completed.
Starting ping from Lisbon to Frankfurt...

From Lisbon to Frankfurt
round-trip min/avg/max/stddev = 47.347/52.468/88.475/9.969 ms
Ping to Frankfurt completed.


Thu Dec  5 14:03:32 WET 2024
Starting ping from Lisbon to Madrid...

From Lisbon to Madrid
round-trip min/avg/max/stddev = 72.477/73.786/78.265/1.446 ms
Ping to Madrid completed.
Starting ping from Lisbon to Frankfurt...

From Lisbon to Frankfurt
round-trip min/avg/max/stddev = 47.975/76.561/130.526/32.237 ms
Ping to Frankfurt completed.


Mon Mar 31 12:06:49 WEST 2025
Starting ping from Lisbon to Madrid...

From Lisbon to Madrid
round-trip min/avg/max/stddev = 72.575/77.191/82.311/3.148 ms
Ping to Madrid completed.
Starting ping from Lisbon to Frankfurt...

From Lisbon to Frankfurt
round-trip min/avg/max/stddev = 42.667/44.646/50.000/2.196 ms
Ping to Frankfurt completed.


Thu Jul 03 2025 16:51:55 GMT+0100 (Western European Summer Time)

From Lisbon to Madrid
round-trip min/avg/max/stddev = 65.430/66.937/72.850/2.242 ms

From Lisbon to Frankfurt
round-trip min/avg/max/stddev = 43.400/46.339/50.924/2.970 ms


Wed Oct  8 14:42:00 WEST 2025
Starting ping from Lisbon to Madrid...

From Lisbon to Madrid
round-trip min/avg/max/stddev = 64.614/66.655/70.757/1.887 ms
Ping to Madrid completed.
Starting ping from Lisbon to Frankfurt...

From Lisbon to Frankfurt
round-trip min/avg/max/stddev = 43.431/44.706/50.222/1.657 ms
Ping to Frankfurt completed.


Tue Oct 21 2025 09:09:49 GMT+0100 (Western European Summer Time)

From Lisbon to Madrid
round-trip min/avg/max/stddev = 65.815/67.598/73.899/1.856 ms

From Lisbon to Frankfurt
round-trip min/avg/max/stddev = 48.907/50.292/56.642/2.343 ms


Mon Nov 24 2025 09:42:35 GMT+0000 (Western European Standard Time)

From Lisbon to Madrid
round-trip min/avg/max/stddev = 71.076/73.319/77.008/1.277 ms

From Lisbon to Frankfurt
round-trip min/avg/max/stddev = 48.230/49.774/51.540/0.942 ms


Mon Nov 24 09:45:30 WET 2025
Starting ping from Lisbon to Madrid...

From Lisbon to Madrid
round-trip min/avg/max/stddev = 71.142/73.038/75.672/1.126 ms
Ping to Madrid completed.
Starting ping from Lisbon to Frankfurt...

From Lisbon to Frankfurt
round-trip min/avg/max/stddev = 47.886/49.290/50.797/0.803 ms
Ping to Frankfurt completed.


